<?xml version="1.0" encoding="UTF-8"?>
<!-- Generated by org.testng.reporters.JUnitXMLReporter -->
<testsuite ignored="0" hostname="DESKTOP-Q3N402C" failures="0" tests="3" name="Home page 1" time="42.605" errors="0" timestamp="2021-10-15T11:13:06 CEST">
  <testcase classname="com.mszeles.selenium.HomePage" name="basePageNavigation" time="11.47"/>
  <testcase classname="com.mszeles.selenium.HomePage" name="basePageNavigation" time="13.013"/>
  <testcase classname="com.mszeles.selenium.HomePage" name="forgotPassword" time="11.656"/>
</testsuite> <!-- Home page 1 -->
