<?xml version="1.0" encoding="UTF-8"?>
<!-- Generated by org.testng.reporters.JUnitXMLReporter -->
<testsuite ignored="0" hostname="DESKTOP-Q3N402C" failures="0" tests="4" name="Home page 1" time="54.051" errors="0" timestamp="2021-10-15T11:51:57 CEST">
  <testcase classname="com.mszeles.selenium.HomePage" name="basePageNavigation" time="2.019"/>
  <testcase classname="com.mszeles.selenium.HomePage" name="basePageNavigation" time="11.198"/>
  <testcase classname="com.mszeles.selenium.HomePage" name="checkSubtitle" time="0.032"/>
  <testcase classname="com.mszeles.selenium.HomePage" name="forgotPassword" time="11.619"/>
</testsuite> <!-- Home page 1 -->
