<?xml version="1.0" encoding="UTF-8"?>
<!-- Generated by org.testng.reporters.JUnitXMLReporter -->
<testsuite ignored="0" hostname="DESKTOP-Q3N402C" failures="0" tests="4" name="Home page 3" time="98.676" errors="0" timestamp="2021-10-14T16:57:49 CEST">
  <testcase classname="com.mszeles.selenium.HomePage" name="basePageNavigation" time="23.034"/>
  <testcase classname="com.mszeles.selenium.HomePage" name="basePageNavigation" time="21.464"/>
  <testcase classname="com.mszeles.selenium.HomePage" name="basePageNavigation2" time="21.709"/>
  <testcase classname="com.mszeles.selenium.HomePage" name="basePageNavigation2" time="20.004"/>
</testsuite> <!-- Home page 3 -->
