<?xml version="1.0" encoding="UTF-8"?>
<!-- Generated by org.testng.reporters.JUnitXMLReporter -->
<testsuite ignored="0" hostname="DESKTOP-Q3N402C" failures="0" tests="4" name="Home page 2" time="85.94" errors="0" timestamp="2021-10-14T16:57:37 CEST">
  <testcase classname="com.mszeles.selenium.HomePage" name="basePageNavigation" time="19.538"/>
  <testcase classname="com.mszeles.selenium.HomePage" name="basePageNavigation" time="19.088"/>
  <testcase classname="com.mszeles.selenium.HomePage" name="basePageNavigation2" time="19.18"/>
  <testcase classname="com.mszeles.selenium.HomePage" name="basePageNavigation2" time="16.3"/>
</testsuite> <!-- Home page 2 -->
