<?xml version="1.0" encoding="UTF-8"?>
<testsuite xmlns:xsi="http://www.w3.org/2001/XMLSchema-instance" xsi:noNamespaceSchemaLocation="https://maven.apache.org/surefire/maven-surefire-plugin/xsd/surefire-test-report-3.0.xsd" version="3.0" name="TestSuite" time="44.119" tests="3" errors="0" skipped="0" failures="0">
  <properties>
[...]
</properties>
  <testcase name="basePageNavigation[a@a, a, Restricted user](1)" classname="com.mszeles.selenium.HomePage" time="11.447">
    <system-out><![CDATA[11:12:34.867 [TestNG-tests-1] INFO  com.mszeles.selenium.HomePage - Navigated to https://qaclickacademy.com.
11:12:34.940 [TestNG-tests-1] INFO  com.mszeles.selenium.HomePage - Succesfully navigated title
11:12:37.556 [TestNG-tests-1] INFO  com.mszeles.selenium.HomePage - Restricted user
]]></system-out>
    <system-err><![CDATA[Starting ChromeDriver 93.0.4577.63 (ff5c0da2ec0adeaed5550e6c7e98417dac77d98a-refs/branch-heads/4577@{#1135}) on port 6196
Only local connections are allowed.
Please see https://chromedriver.chromium.org/security-considerations for suggestions on keeping ChromeDriver safe.
ChromeDriver was started successfully.
[1634289145.808][WARNING]: This version of ChromeDriver has not been tested with Chrome version 94.
okt. 15, 2021 11:12:25 DE. org.openqa.selenium.remote.ProtocolHandshake createSession
INFO: Detected dialect: W3C
okt. 15, 2021 11:12:25 DE. org.openqa.selenium.devtools.CdpVersionFinder findNearestMatch
INFO: Found exact CDP implementation for version 94
]]></system-err>
  </testcase>
  <testcase name="basePageNavigation[b@b, b, Non restricted user](2)" classname="com.mszeles.selenium.HomePage" time="12.986">
    <system-out><![CDATA[11:12:50.379 [TestNG-tests-1] INFO  com.mszeles.selenium.HomePage - Navigated to https://qaclickacademy.com.
11:12:50.430 [TestNG-tests-1] INFO  com.mszeles.selenium.HomePage - Succesfully navigated title
11:12:52.336 [TestNG-tests-1] INFO  com.mszeles.selenium.HomePage - Non restricted user
]]></system-out>
    <system-err><![CDATA[Starting ChromeDriver 93.0.4577.63 (ff5c0da2ec0adeaed5550e6c7e98417dac77d98a-refs/branch-heads/4577@{#1135}) on port 5716
Only local connections are allowed.
Please see https://chromedriver.chromium.org/security-considerations for suggestions on keeping ChromeDriver safe.
ChromeDriver was started successfully.
[1634289159.153][WARNING]: This version of ChromeDriver has not been tested with Chrome version 94.
okt. 15, 2021 11:12:39 DE. org.openqa.selenium.remote.ProtocolHandshake createSession
INFO: Detected dialect: W3C
okt. 15, 2021 11:12:39 DE. org.openqa.selenium.devtools.CdpVersionFinder findNearestMatch
INFO: Found exact CDP implementation for version 94
]]></system-err>
  </testcase>
  <testcase name="forgotPassword" classname="com.mszeles.selenium.HomePage" time="11.543">
    <system-out><![CDATA[11:13:01.454 [TestNG-tests-1] INFO  com.mszeles.selenium.HomePage - Navigated to https://qaclickacademy.com.
]]></system-out>
    <system-err><![CDATA[Starting ChromeDriver 93.0.4577.63 (ff5c0da2ec0adeaed5550e6c7e98417dac77d98a-refs/branch-heads/4577@{#1135}) on port 39625
Only local connections are allowed.
Please see https://chromedriver.chromium.org/security-considerations for suggestions on keeping ChromeDriver safe.
ChromeDriver was started successfully.
[1634289174.019][WARNING]: This version of ChromeDriver has not been tested with Chrome version 94.
okt. 15, 2021 11:12:54 DE. org.openqa.selenium.remote.ProtocolHandshake createSession
INFO: Detected dialect: W3C
okt. 15, 2021 11:12:54 DE. org.openqa.selenium.devtools.CdpVersionFinder findNearestMatch
INFO: Found exact CDP implementation for version 94
]]></system-err>
  </testcase>
</testsuite>