<?xml version="1.0" encoding="UTF-8"?>
<testng-results ignored="0" total="3" passed="3" failed="0" skipped="0">
  <reporter-output>
  </reporter-output>
  <suite started-at="2021-10-15T11:12:23 CEST" name="QAClickAcademy" finished-at="2021-10-15T11:13:06 CEST" duration-ms="42605">
    <groups>
    </groups>
    <test started-at="2021-10-15T11:12:23 CEST" name="Home page 1" finished-at="2021-10-15T11:13:06 CEST" duration-ms="42605">
      <class name="com.mszeles.selenium.HomePage">
        <test-method is-config="true" signature="initalizeDriver()[pri:0, instance:com.mszeles.selenium.HomePage@13e547a9]" started-at="2021-10-15T11:12:23 CEST" name="initalizeDriver" finished-at="2021-10-15T11:12:26 CEST" duration-ms="2204" status="PASS">
          <reporter-output>
          </reporter-output>
        </test-method> <!-- initalizeDriver -->
        <test-method signature="basePageNavigation(java.lang.String,java.lang.String,java.lang.String)[pri:0, instance:com.mszeles.selenium.HomePage@13e547a9]" started-at="2021-10-15T11:12:26 CEST" name="basePageNavigation" data-provider="getData" finished-at="2021-10-15T11:12:37 CEST" duration-ms="11470" status="PASS">
          <params>
            <param index="0">
              <value>
                <![CDATA[a@a]]>
              </value>
            </param>
            <param index="1">
              <value>
                <![CDATA[a]]>
              </value>
            </param>
            <param index="2">
              <value>
                <![CDATA[Restricted user]]>
              </value>
            </param>
          </params>
          <reporter-output>
          </reporter-output>
        </test-method> <!-- basePageNavigation -->
        <test-method is-config="true" signature="closeBrowser()[pri:0, instance:com.mszeles.selenium.HomePage@13e547a9]" started-at="2021-10-15T11:12:37 CEST" name="closeBrowser" finished-at="2021-10-15T11:12:38 CEST" duration-ms="572" status="PASS">
          <reporter-output>
          </reporter-output>
        </test-method> <!-- closeBrowser -->
        <test-method is-config="true" signature="initalizeDriver()[pri:0, instance:com.mszeles.selenium.HomePage@13e547a9]" started-at="2021-10-15T11:12:38 CEST" name="initalizeDriver" finished-at="2021-10-15T11:12:39 CEST" duration-ms="1190" status="PASS">
          <reporter-output>
          </reporter-output>
        </test-method> <!-- initalizeDriver -->
        <test-method signature="basePageNavigation(java.lang.String,java.lang.String,java.lang.String)[pri:0, instance:com.mszeles.selenium.HomePage@13e547a9]" started-at="2021-10-15T11:12:39 CEST" name="basePageNavigation" data-provider="getData" finished-at="2021-10-15T11:12:52 CEST" duration-ms="13013" status="PASS">
          <params>
            <param index="0">
              <value>
                <![CDATA[b@b]]>
              </value>
            </param>
            <param index="1">
              <value>
                <![CDATA[b]]>
              </value>
            </param>
            <param index="2">
              <value>
                <![CDATA[Non restricted user]]>
              </value>
            </param>
          </params>
          <reporter-output>
          </reporter-output>
        </test-method> <!-- basePageNavigation -->
        <test-method is-config="true" signature="closeBrowser()[pri:0, instance:com.mszeles.selenium.HomePage@13e547a9]" started-at="2021-10-15T11:12:52 CEST" name="closeBrowser" finished-at="2021-10-15T11:12:52 CEST" duration-ms="571" status="PASS">
          <reporter-output>
          </reporter-output>
        </test-method> <!-- closeBrowser -->
        <test-method is-config="true" signature="initalizeDriver()[pri:0, instance:com.mszeles.selenium.HomePage@13e547a9]" started-at="2021-10-15T11:12:52 CEST" name="initalizeDriver" finished-at="2021-10-15T11:12:54 CEST" duration-ms="1308" status="PASS">
          <reporter-output>
          </reporter-output>
        </test-method> <!-- initalizeDriver -->
        <test-method signature="forgotPassword()[pri:0, instance:com.mszeles.selenium.HomePage@13e547a9]" started-at="2021-10-15T11:12:54 CEST" name="forgotPassword" finished-at="2021-10-15T11:13:05 CEST" duration-ms="11656" status="PASS">
          <reporter-output>
          </reporter-output>
        </test-method> <!-- forgotPassword -->
        <test-method is-config="true" signature="closeBrowser()[pri:0, instance:com.mszeles.selenium.HomePage@13e547a9]" started-at="2021-10-15T11:13:05 CEST" name="closeBrowser" finished-at="2021-10-15T11:13:06 CEST" duration-ms="578" status="PASS">
          <reporter-output>
          </reporter-output>
        </test-method> <!-- closeBrowser -->
      </class> <!-- com.mszeles.selenium.HomePage -->
    </test> <!-- Home page 1 -->
  </suite> <!-- QAClickAcademy -->
</testng-results>
