<?xml version="1.0" encoding="UTF-8"?>
<testng-results ignored="0" total="2" passed="2" failed="0" skipped="0">
  <reporter-output>
  </reporter-output>
  <suite started-at="2021-10-25T17:57:29 CEST" name="QAClickAcademy" finished-at="2021-10-25T17:57:56 CEST" duration-ms="26860">
    <groups>
      <group name="cucumber">
        <method signature="AbstractTestNGCucumberTests.runScenario(io.cucumber.testng.PickleWrapper,io.cucumber.testng.FeatureWrapper)[pri:0, instance:com.mszeles.selenium.framework.CucumberTestRunner@6bedbc4d]" name="runScenario" class="io.cucumber.testng.AbstractTestNGCucumberTests"/>
      </group> <!-- cucumber -->
    </groups>
    <test started-at="2021-10-25T17:57:29 CEST" name="Validating user login" finished-at="2021-10-25T17:57:56 CEST" duration-ms="26860">
      <class name="com.mszeles.selenium.framework.CucumberTestRunner">
        <test-method is-config="true" signature="setUpClass(org.testng.ITestContext)[pri:0, instance:com.mszeles.selenium.framework.CucumberTestRunner@6bedbc4d]" started-at="2021-10-25T17:57:29 CEST" name="setUpClass" finished-at="2021-10-25T17:57:29 CEST" duration-ms="206" status="PASS">
          <params>
            <param index="0">
              <value>
                <![CDATA[org.testng.TestRunner@4803b726]]>
              </value>
            </param>
          </params>
          <reporter-output>
          </reporter-output>
        </test-method> <!-- setUpClass -->
        <test-method signature="runScenario(io.cucumber.testng.PickleWrapper,io.cucumber.testng.FeatureWrapper)[pri:0, instance:com.mszeles.selenium.framework.CucumberTestRunner@6bedbc4d]" started-at="2021-10-25T17:57:29 CEST" name="runScenario" description="Runs Cucumber Scenarios" data-provider="scenarios" finished-at="2021-10-25T17:57:42 CEST" duration-ms="13425" status="PASS">
          <params>
            <param index="0">
              <value>
                <![CDATA["Positive test validating login #running the same scenario with multiple data set"]]>
              </value>
            </param>
            <param index="1">
              <value>
                <![CDATA["Optional[Login into application]"]]>
              </value>
            </param>
          </params>
          <reporter-output>
          </reporter-output>
        </test-method> <!-- runScenario -->
        <test-method signature="runScenario(io.cucumber.testng.PickleWrapper,io.cucumber.testng.FeatureWrapper)[pri:0, instance:com.mszeles.selenium.framework.CucumberTestRunner@6bedbc4d]" started-at="2021-10-25T17:57:42 CEST" name="runScenario" description="Runs Cucumber Scenarios" data-provider="scenarios" finished-at="2021-10-25T17:57:56 CEST" duration-ms="13180" status="PASS">
          <params>
            <param index="0">
              <value>
                <![CDATA["Positive test validating login #running the same scenario with multiple data set"]]>
              </value>
            </param>
            <param index="1">
              <value>
                <![CDATA["Optional[Login into application]"]]>
              </value>
            </param>
          </params>
          <reporter-output>
          </reporter-output>
        </test-method> <!-- runScenario -->
        <test-method is-config="true" signature="tearDownClass()[pri:0, instance:com.mszeles.selenium.framework.CucumberTestRunner@6bedbc4d]" started-at="2021-10-25T17:57:56 CEST" name="tearDownClass" finished-at="2021-10-25T17:57:56 CEST" duration-ms="9" status="PASS">
          <reporter-output>
          </reporter-output>
        </test-method> <!-- tearDownClass -->
      </class> <!-- com.mszeles.selenium.framework.CucumberTestRunner -->
    </test> <!-- Validating user login -->
  </suite> <!-- QAClickAcademy -->
</testng-results>
